<?xml version="1.0" encoding="UTF-8"?>
<!-- Generated by org.testng.reporters.JUnitXMLReporter -->
<testsuite ignored="0" hostname="TRSEUISTMAC045.local" failures="1" tests="2" name="Command line test" time="20.164" errors="0" timestamp="25 Jan 2019 06:27:30 GMT">
  <testcase classname="FirstTest" name="Deneme" time="2.486"/>
  <testcase classname="SecondTest" name="Deneme" time="1.96">
    <failure type="java.lang.AssertionError" message="expected [You logged into a secure area!
×] but found [You logged into a secure area!ü
×]">
      <![CDATA[java.lang.AssertionError: expected [You logged into a secure area!
×] but found [You logged into a secure area!ü
×]
at SecondTest.Deneme(SecondTest.java:39)
... Removed 41 stack frames]]>
    </failure>
  </testcase> <!-- Deneme -->
</testsuite> <!-- Command line test -->
