<?xml version="1.0" encoding="UTF-8"?>
<testng-results ignored="0" total="9" passed="8" failed="1" skipped="0">
  <reporter-output>
  </reporter-output>
  <suite started-at="2019-04-02T17:46:41Z" name="Command line suite" finished-at="2019-04-02T17:49:48Z" duration-ms="187167">
    <groups>
      <group name="cucumber">
        <method signature="AbstractTestNGCucumberTests.runScenario(cucumber.api.testng.PickleEventWrapper, cucumber.api.testng.CucumberFeatureWrapper)[pri:0, instance:CucumberTest@6ab778a]" name="runScenario" class="cucumber.api.testng.AbstractTestNGCucumberTests"/>
      </group> <!-- cucumber -->
    </groups>
    <test started-at="2019-04-02T17:46:41Z" name="Command line test" finished-at="2019-04-02T17:49:48Z" duration-ms="187167">
      <class name="CucumberTest">
        <test-method is-config="true" signature="setUpClass()[pri:0, instance:CucumberTest@6ab778a]" started-at="2019-04-02T17:47:03Z" name="setUpClass" finished-at="2019-04-02T17:47:03Z" duration-ms="123" status="PASS">
          <reporter-output>
          </reporter-output>
        </test-method> <!-- setUpClass -->
        <test-method signature="runScenario(cucumber.api.testng.PickleEventWrapper, cucumber.api.testng.CucumberFeatureWrapper)[pri:0, instance:CucumberTest@6ab778a]" started-at="2019-04-02T17:47:04Z" name="runScenario" description="Runs Cucumber Scenarios" data-provider="scenarios" finished-at="2019-04-02T17:47:51Z" duration-ms="47539" status="PASS">
          <params>
            <param index="0">
              <value>
                <![CDATA["Successful  Login Scenario"]]>
              </value>
            </param>
            <param index="1">
              <value>
                <![CDATA["Test login scenario"]]>
              </value>
            </param>
          </params>
          <reporter-output>
          </reporter-output>
        </test-method> <!-- runScenario -->
        <test-method signature="runScenario(cucumber.api.testng.PickleEventWrapper, cucumber.api.testng.CucumberFeatureWrapper)[pri:0, instance:CucumberTest@6ab778a]" started-at="2019-04-02T17:47:51Z" name="runScenario" description="Runs Cucumber Scenarios" data-provider="scenarios" finished-at="2019-04-02T17:48:21Z" duration-ms="30093" status="PASS">
          <params>
            <param index="0">
              <value>
                <![CDATA["Unsuccessful  Login Scenarios"]]>
              </value>
            </param>
            <param index="1">
              <value>
                <![CDATA["Test login scenario"]]>
              </value>
            </param>
          </params>
          <reporter-output>
          </reporter-output>
        </test-method> <!-- runScenario -->
        <test-method signature="runScenario(cucumber.api.testng.PickleEventWrapper, cucumber.api.testng.CucumberFeatureWrapper)[pri:0, instance:CucumberTest@6ab778a]" started-at="2019-04-02T17:48:21Z" name="runScenario" description="Runs Cucumber Scenarios" data-provider="scenarios" finished-at="2019-04-02T17:48:34Z" duration-ms="12980" status="PASS">
          <params>
            <param index="0">
              <value>
                <![CDATA["Unsuccessful  Login Scenarios"]]>
              </value>
            </param>
            <param index="1">
              <value>
                <![CDATA["Test login scenario"]]>
              </value>
            </param>
          </params>
          <reporter-output>
          </reporter-output>
        </test-method> <!-- runScenario -->
        <test-method signature="runScenario(cucumber.api.testng.PickleEventWrapper, cucumber.api.testng.CucumberFeatureWrapper)[pri:0, instance:CucumberTest@6ab778a]" started-at="2019-04-02T17:48:34Z" name="runScenario" description="Runs Cucumber Scenarios" data-provider="scenarios" finished-at="2019-04-02T17:48:47Z" duration-ms="12519" status="PASS">
          <params>
            <param index="0">
              <value>
                <![CDATA["Unsuccessful  Login Scenarios"]]>
              </value>
            </param>
            <param index="1">
              <value>
                <![CDATA["Test login scenario"]]>
              </value>
            </param>
          </params>
          <reporter-output>
          </reporter-output>
        </test-method> <!-- runScenario -->
        <test-method signature="runScenario(cucumber.api.testng.PickleEventWrapper, cucumber.api.testng.CucumberFeatureWrapper)[pri:0, instance:CucumberTest@6ab778a]" started-at="2019-04-02T17:48:47Z" name="runScenario" description="Runs Cucumber Scenarios" data-provider="scenarios" finished-at="2019-04-02T17:48:59Z" duration-ms="12057" status="PASS">
          <params>
            <param index="0">
              <value>
                <![CDATA["Unsuccessful  Login Scenarios"]]>
              </value>
            </param>
            <param index="1">
              <value>
                <![CDATA["Test login scenario"]]>
              </value>
            </param>
          </params>
          <reporter-output>
          </reporter-output>
        </test-method> <!-- runScenario -->
        <test-method signature="runScenario(cucumber.api.testng.PickleEventWrapper, cucumber.api.testng.CucumberFeatureWrapper)[pri:0, instance:CucumberTest@6ab778a]" started-at="2019-04-02T17:48:59Z" name="runScenario" description="Runs Cucumber Scenarios" data-provider="scenarios" finished-at="2019-04-02T17:49:11Z" duration-ms="12500" status="FAIL">
          <params>
            <param index="0">
              <value>
                <![CDATA["Unsuccessful  Login Scenarios"]]>
              </value>
            </param>
            <param index="1">
              <value>
                <![CDATA["Test login scenario"]]>
              </value>
            </param>
          </params>
          <exception class="org.junit.ComparisonFailure">
            <message>
              <![CDATA[expected:<[Failed Scenario]> but was:<[Lütfen email adresinizi giriniz.]>]]>
            </message>
            <full-stacktrace>
              <![CDATA[org.junit.ComparisonFailure: expected:<[Failed Scenario]> but was:<[Lütfen email adresinizi giriniz.]>
at org.junit.Assert.assertEquals(Assert.java:117)
at org.junit.Assert.assertEquals(Assert.java:146)
at steps.LoginSteps.checkThe(LoginSteps.java:92)
at ✽.Check the "Failed Scenario"(file:src/test/java/features/Login.feature:21)
]]>
            </full-stacktrace>
          </exception> <!-- org.junit.ComparisonFailure -->
          <reporter-output>
          </reporter-output>
        </test-method> <!-- runScenario -->
        <test-method is-config="true" signature="tearDownClass()[pri:0, instance:CucumberTest@6ab778a]" started-at="2019-04-02T17:49:11Z" name="tearDownClass" finished-at="2019-04-02T17:49:11Z" duration-ms="11" status="PASS">
          <reporter-output>
          </reporter-output>
        </test-method> <!-- tearDownClass -->
      </class> <!-- CucumberTest -->
      <class name="SecondTest">
        <test-method signature="myTest()[pri:0, instance:SecondTest@38102d01]" started-at="2019-04-02T17:49:22Z" name="myTest" description="Second Test" finished-at="2019-04-02T17:49:32Z" duration-ms="9558" status="PASS">
          <reporter-output>
          </reporter-output>
        </test-method> <!-- myTest -->
        <test-method is-config="true" signature="afterTest(org.testng.ITestResult)[pri:0, instance:SecondTest@38102d01]" started-at="2019-04-02T17:49:32Z" name="afterTest" finished-at="2019-04-02T17:49:32Z" duration-ms="1" status="PASS">
          <params>
            <param index="0">
              <value>
                <![CDATA[[TestResult name=myTest status=SUCCESS method=SecondTest.myTest()[pri:0, instance:SecondTest@38102d01] output={null}]]]>
              </value>
            </param>
          </params>
          <reporter-output>
          </reporter-output>
        </test-method> <!-- afterTest -->
      </class> <!-- SecondTest -->
      <class name="ThirdTest">
        <test-method signature="myTest()[pri:0, instance:ThirdTest@37883b97]" started-at="2019-04-02T17:49:32Z" name="myTest" description="Successful Login" finished-at="2019-04-02T17:49:46Z" duration-ms="14686" status="PASS">
          <reporter-output>
          </reporter-output>
        </test-method> <!-- myTest -->
        <test-method is-config="true" signature="afterTest(org.testng.ITestResult)[pri:0, instance:ThirdTest@37883b97]" started-at="2019-04-02T17:49:46Z" name="afterTest" finished-at="2019-04-02T17:49:46Z" duration-ms="0" status="PASS">
          <params>
            <param index="0">
              <value>
                <![CDATA[[TestResult name=myTest status=SUCCESS method=ThirdTest.myTest()[pri:0, instance:ThirdTest@37883b97] output={null}]]]>
              </value>
            </param>
          </params>
          <reporter-output>
          </reporter-output>
        </test-method> <!-- afterTest -->
      </class> <!-- ThirdTest -->
      <class name="FirstTest">
        <test-method is-config="true" signature="beforeTest()[pri:0, instance:FirstTest@4c309d4d]" started-at="2019-04-02T17:46:41Z" name="beforeTest" finished-at="2019-04-02T17:46:49Z" duration-ms="8416" status="PASS">
          <reporter-output>
          </reporter-output>
        </test-method> <!-- beforeTest -->
        <test-method is-config="true" signature="beforeTest()[pri:0, instance:SecondTest@38102d01]" started-at="2019-04-02T17:46:49Z" name="beforeTest" finished-at="2019-04-02T17:46:56Z" duration-ms="7078" status="PASS">
          <reporter-output>
          </reporter-output>
        </test-method> <!-- beforeTest -->
        <test-method is-config="true" signature="beforeTest()[pri:0, instance:ThirdTest@37883b97]" started-at="2019-04-02T17:46:56Z" name="beforeTest" finished-at="2019-04-02T17:47:03Z" duration-ms="7150" status="PASS">
          <reporter-output>
          </reporter-output>
        </test-method> <!-- beforeTest -->
        <test-method signature="myTest()[pri:0, instance:FirstTest@4c309d4d]" started-at="2019-04-02T17:49:11Z" name="myTest" description="First Test" finished-at="2019-04-02T17:49:22Z" duration-ms="10581" status="PASS">
          <reporter-output>
          </reporter-output>
        </test-method> <!-- myTest -->
        <test-method is-config="true" signature="afterTest(org.testng.ITestResult)[pri:0, instance:FirstTest@4c309d4d]" started-at="2019-04-02T17:49:22Z" name="afterTest" finished-at="2019-04-02T17:49:22Z" duration-ms="2" status="PASS">
          <params>
            <param index="0">
              <value>
                <![CDATA[[TestResult name=myTest status=SUCCESS method=FirstTest.myTest()[pri:0, instance:FirstTest@4c309d4d] output={null}]]]>
              </value>
            </param>
          </params>
          <reporter-output>
          </reporter-output>
        </test-method> <!-- afterTest -->
        <test-method is-config="true" signature="afterTest()[pri:0, instance:FirstTest@4c309d4d]" started-at="2019-04-02T17:49:46Z" name="afterTest" finished-at="2019-04-02T17:49:47Z" duration-ms="285" status="PASS">
          <reporter-output>
          </reporter-output>
        </test-method> <!-- afterTest -->
        <test-method is-config="true" signature="afterTest()[pri:0, instance:SecondTest@38102d01]" started-at="2019-04-02T17:49:47Z" name="afterTest" finished-at="2019-04-02T17:49:48Z" duration-ms="1054" status="PASS">
          <reporter-output>
          </reporter-output>
        </test-method> <!-- afterTest -->
        <test-method is-config="true" signature="afterTest()[pri:0, instance:ThirdTest@37883b97]" started-at="2019-04-02T17:49:48Z" name="afterTest" finished-at="2019-04-02T17:49:48Z" duration-ms="261" status="PASS">
          <reporter-output>
          </reporter-output>
        </test-method> <!-- afterTest -->
      </class> <!-- FirstTest -->
    </test> <!-- Command line test -->
  </suite> <!-- Command line suite -->
</testng-results>
