-------------------------------------------------------------------------------
Test set: TestSuite
-------------------------------------------------------------------------------
Tests run: 9, Failures: 6, Errors: 0, Skipped: 0, Time elapsed: 236.185 sec <<< FAILURE!
runScenario(CucumberTest)  Time elapsed: 31.844 sec  <<< FAILURE!
org.junit.ComparisonFailure: expected:<En Trend [Ürünler Türkiye'nin Online Al??veri?] Sitesi Trendyol'da> but was:<En Trend [ÃœrÃ¼nler TÃ¼rkiye'nin Online AlÄ±ÅŸveriÅŸ] Sitesi Trendyol'da>
	at org.junit.Assert.assertEquals(Assert.java:117)
	at org.junit.Assert.assertEquals(Assert.java:146)
	at steps.LoginSteps.navigateToHomePage(LoginSteps.java:37)
	at ?.Navigate to HomePage(file:src/test/java/features/Login.feature:5)

runScenario(CucumberTest)  Time elapsed: 61.775 sec  <<< FAILURE!
org.junit.ComparisonFailure: expected:<En Trend [Ürünler Türkiye'nin Online Al??veri?] Sitesi Trendyol'da> but was:<En Trend [ÃœrÃ¼nler TÃ¼rkiye'nin Online AlÄ±ÅŸveriÅŸ] Sitesi Trendyol'da>
	at org.junit.Assert.assertEquals(Assert.java:117)
	at org.junit.Assert.assertEquals(Assert.java:146)
	at steps.LoginSteps.navigateToHomePage(LoginSteps.java:37)
	at ?.Navigate to HomePage(file:src/test/java/features/Login.feature:15)

runScenario(CucumberTest)  Time elapsed: 30.097 sec  <<< FAILURE!
org.junit.ComparisonFailure: expected:<En Trend [Ürünler Türkiye'nin Online Al??veri?] Sitesi Trendyol'da> but was:<En Trend [ÃœrÃ¼nler TÃ¼rkiye'nin Online AlÄ±ÅŸveriÅŸ] Sitesi Trendyol'da>
	at org.junit.Assert.assertEquals(Assert.java:117)
	at org.junit.Assert.assertEquals(Assert.java:146)
	at steps.LoginSteps.navigateToHomePage(LoginSteps.java:37)
	at ?.Navigate to HomePage(file:src/test/java/features/Login.feature:15)

runScenario(CucumberTest)  Time elapsed: 26.521 sec  <<< FAILURE!
org.junit.ComparisonFailure: expected:<En Trend [Ürünler Türkiye'nin Online Al??veri?] Sitesi Trendyol'da> but was:<En Trend [ÃœrÃ¼nler TÃ¼rkiye'nin Online AlÄ±ÅŸveriÅŸ] Sitesi Trendyol'da>
	at org.junit.Assert.assertEquals(Assert.java:117)
	at org.junit.Assert.assertEquals(Assert.java:146)
	at steps.LoginSteps.navigateToHomePage(LoginSteps.java:37)
	at ?.Navigate to HomePage(file:src/test/java/features/Login.feature:15)

runScenario(CucumberTest)  Time elapsed: 19.589 sec  <<< FAILURE!
org.junit.ComparisonFailure: expected:<En Trend [Ürünler Türkiye'nin Online Al??veri?] Sitesi Trendyol'da> but was:<En Trend [ÃœrÃ¼nler TÃ¼rkiye'nin Online AlÄ±ÅŸveriÅŸ] Sitesi Trendyol'da>
	at org.junit.Assert.assertEquals(Assert.java:117)
	at org.junit.Assert.assertEquals(Assert.java:146)
	at steps.LoginSteps.navigateToHomePage(LoginSteps.java:37)
	at ?.Navigate to HomePage(file:src/test/java/features/Login.feature:15)

runScenario(CucumberTest)  Time elapsed: 11.623 sec  <<< FAILURE!
org.junit.ComparisonFailure: expected:<En Trend [Ürünler Türkiye'nin Online Al??veri?] Sitesi Trendyol'da> but was:<En Trend [ÃœrÃ¼nler TÃ¼rkiye'nin Online AlÄ±ÅŸveriÅŸ] Sitesi Trendyol'da>
	at org.junit.Assert.assertEquals(Assert.java:117)
	at org.junit.Assert.assertEquals(Assert.java:146)
	at steps.LoginSteps.navigateToHomePage(LoginSteps.java:37)
	at ?.Navigate to HomePage(file:src/test/java/features/Login.feature:15)

