<?xml version="1.0" encoding="UTF-8" ?>
<testsuite tests="2" failures="1" name="TestSuite" time="4.452" errors="0" skipped="0">
  <properties>
[...]
</properties>
  <testcase classname="FirstTest" name="Deneme" time="2.488"/>
  <testcase classname="SecondTest" name="Deneme" time="1.964">
    <failure message="expected [You logged into a secure area!
×] but found [You logged into a secure area!ü
×]" type="java.lang.AssertionError">java.lang.AssertionError: expected [You logged into a secure area!
×] but found [You logged into a secure area!ü
×]
	at org.testng.Assert.fail(Assert.java:96)
	at org.testng.Assert.failNotEquals(Assert.java:776)
	at org.testng.Assert.assertEqualsImpl(Assert.java:137)
	at org.testng.Assert.assertEquals(Assert.java:118)
	at org.testng.Assert.assertEquals(Assert.java:453)
	at org.testng.Assert.assertEquals(Assert.java:463)
	at SecondTest.Deneme(SecondTest.java:39)
</failure>
  </testcase>
</testsuite>