<?xml version="1.0" encoding="UTF-8" ?>
<testsuite tests="9" failures="6" name="TestSuite" time="211.373" errors="0" skipped="0">
  <properties>
[...]
</properties>
  <testcase classname="CucumberTest" name="runScenario" time="31.844">
    <failure message="expected:&lt;En Trend [Ürünler Türkiye&apos;nin Online Alışveriş] Sitesi Trendyol&apos;da&gt; but was:&lt;En Trend [ÃœrÃ¼nler TÃ¼rkiye&apos;nin Online AlÄ±ÅŸveriÅŸ] Sitesi Trendyol&apos;da&gt;" type="org.junit.ComparisonFailure">org.junit.ComparisonFailure: expected:&lt;En Trend [Ürünler Türkiye&apos;nin Online Alışveriş] Sitesi Trendyol&apos;da&gt; but was:&lt;En Trend [ÃœrÃ¼nler TÃ¼rkiye&apos;nin Online AlÄ±ÅŸveriÅŸ] Sitesi Trendyol&apos;da&gt;
	at org.junit.Assert.assertEquals(Assert.java:117)
	at org.junit.Assert.assertEquals(Assert.java:146)
	at steps.LoginSteps.navigateToHomePage(LoginSteps.java:37)
	at ✽.Navigate to HomePage(file:src/test/java/features/Login.feature:5)
</failure>
    <system-out>Configuring TestNG with: org.apache.maven.surefire.testng.conf.TestNG652Configurator@28864e92
&amp;#27;[31mF&amp;#27;[0m&amp;#27;[36m-&amp;#27;[0m&amp;#27;[36m-&amp;#27;[0m&amp;#27;[36m-&amp;#27;[0m&amp;#27;[36m-&amp;#27;[0m&amp;#27;[36m-&amp;#27;[0m</system-out>
    <system-err>Apr 02, 2019 8:00:52 PM org.openqa.selenium.remote.DesiredCapabilities chrome
INFO: Using `new ChromeOptions()` is preferred to `DesiredCapabilities.chrome()`
Apr 02, 2019 8:00:55 PM org.openqa.selenium.remote.ProtocolHandshake createSession
INFO: Detected dialect: OSS
Apr 02, 2019 8:01:00 PM org.openqa.selenium.remote.DesiredCapabilities chrome
INFO: Using `new ChromeOptions()` is preferred to `DesiredCapabilities.chrome()`
Apr 02, 2019 8:01:03 PM org.openqa.selenium.remote.ProtocolHandshake createSession
INFO: Detected dialect: OSS
Apr 02, 2019 8:01:06 PM org.openqa.selenium.remote.DesiredCapabilities chrome
INFO: Using `new ChromeOptions()` is preferred to `DesiredCapabilities.chrome()`
Apr 02, 2019 8:01:08 PM org.openqa.selenium.remote.ProtocolHandshake createSession
INFO: Detected dialect: OSS
Apr 02, 2019 8:01:13 PM org.openqa.selenium.remote.DesiredCapabilities chrome
INFO: Using `new ChromeOptions()` is preferred to `DesiredCapabilities.chrome()`
Apr 02, 2019 8:01:32 PM org.openqa.selenium.remote.ProtocolHandshake createSession
INFO: Detected dialect: OSS
</system-err>
  </testcase>
  <testcase classname="CucumberTest" name="runScenario" time="61.775">
    <failure message="expected:&lt;En Trend [Ürünler Türkiye&apos;nin Online Alışveriş] Sitesi Trendyol&apos;da&gt; but was:&lt;En Trend [ÃœrÃ¼nler TÃ¼rkiye&apos;nin Online AlÄ±ÅŸveriÅŸ] Sitesi Trendyol&apos;da&gt;" type="org.junit.ComparisonFailure">org.junit.ComparisonFailure: expected:&lt;En Trend [Ürünler Türkiye&apos;nin Online Alışveriş] Sitesi Trendyol&apos;da&gt; but was:&lt;En Trend [ÃœrÃ¼nler TÃ¼rkiye&apos;nin Online AlÄ±ÅŸveriÅŸ] Sitesi Trendyol&apos;da&gt;
	at org.junit.Assert.assertEquals(Assert.java:117)
	at org.junit.Assert.assertEquals(Assert.java:146)
	at steps.LoginSteps.navigateToHomePage(LoginSteps.java:37)
	at ✽.Navigate to HomePage(file:src/test/java/features/Login.feature:15)
</failure>
    <system-out>&amp;#27;[31mF&amp;#27;[0m&amp;#27;[36m-&amp;#27;[0m&amp;#27;[36m-&amp;#27;[0m&amp;#27;[36m-&amp;#27;[0m&amp;#27;[36m-&amp;#27;[0m&amp;#27;[36m-&amp;#27;[0m&amp;#27;[36m-&amp;#27;[0m</system-out>
    <system-err>Apr 02, 2019 8:01:45 PM org.openqa.selenium.remote.DesiredCapabilities chrome
INFO: Using `new ChromeOptions()` is preferred to `DesiredCapabilities.chrome()`
Apr 02, 2019 8:02:23 PM org.openqa.selenium.remote.ProtocolHandshake createSession
INFO: Detected dialect: OSS
</system-err>
  </testcase>
  <testcase classname="CucumberTest" name="runScenario" time="30.097">
    <failure message="expected:&lt;En Trend [Ürünler Türkiye&apos;nin Online Alışveriş] Sitesi Trendyol&apos;da&gt; but was:&lt;En Trend [ÃœrÃ¼nler TÃ¼rkiye&apos;nin Online AlÄ±ÅŸveriÅŸ] Sitesi Trendyol&apos;da&gt;" type="org.junit.ComparisonFailure">org.junit.ComparisonFailure: expected:&lt;En Trend [Ürünler Türkiye&apos;nin Online Alışveriş] Sitesi Trendyol&apos;da&gt; but was:&lt;En Trend [ÃœrÃ¼nler TÃ¼rkiye&apos;nin Online AlÄ±ÅŸveriÅŸ] Sitesi Trendyol&apos;da&gt;
	at org.junit.Assert.assertEquals(Assert.java:117)
	at org.junit.Assert.assertEquals(Assert.java:146)
	at steps.LoginSteps.navigateToHomePage(LoginSteps.java:37)
	at ✽.Navigate to HomePage(file:src/test/java/features/Login.feature:15)
</failure>
    <system-out>&amp;#27;[31mF&amp;#27;[0m&amp;#27;[36m-&amp;#27;[0m&amp;#27;[36m-&amp;#27;[0m&amp;#27;[36m-&amp;#27;[0m&amp;#27;[36m-&amp;#27;[0m&amp;#27;[36m-&amp;#27;[0m&amp;#27;[36m-&amp;#27;[0m</system-out>
    <system-err>Apr 02, 2019 8:02:47 PM org.openqa.selenium.remote.DesiredCapabilities chrome
INFO: Using `new ChromeOptions()` is preferred to `DesiredCapabilities.chrome()`
Apr 02, 2019 8:03:07 PM org.openqa.selenium.remote.ProtocolHandshake createSession
INFO: Detected dialect: OSS
</system-err>
  </testcase>
  <testcase classname="CucumberTest" name="runScenario" time="26.521">
    <failure message="expected:&lt;En Trend [Ürünler Türkiye&apos;nin Online Alışveriş] Sitesi Trendyol&apos;da&gt; but was:&lt;En Trend [ÃœrÃ¼nler TÃ¼rkiye&apos;nin Online AlÄ±ÅŸveriÅŸ] Sitesi Trendyol&apos;da&gt;" type="org.junit.ComparisonFailure">org.junit.ComparisonFailure: expected:&lt;En Trend [Ürünler Türkiye&apos;nin Online Alışveriş] Sitesi Trendyol&apos;da&gt; but was:&lt;En Trend [ÃœrÃ¼nler TÃ¼rkiye&apos;nin Online AlÄ±ÅŸveriÅŸ] Sitesi Trendyol&apos;da&gt;
	at org.junit.Assert.assertEquals(Assert.java:117)
	at org.junit.Assert.assertEquals(Assert.java:146)
	at steps.LoginSteps.navigateToHomePage(LoginSteps.java:37)
	at ✽.Navigate to HomePage(file:src/test/java/features/Login.feature:15)
</failure>
    <system-out>&amp;#27;[31mF&amp;#27;[0m&amp;#27;[36m-&amp;#27;[0m&amp;#27;[36m-&amp;#27;[0m&amp;#27;[36m-&amp;#27;[0m&amp;#27;[36m-&amp;#27;[0m&amp;#27;[36m-&amp;#27;[0m&amp;#27;[36m-&amp;#27;[0m</system-out>
    <system-err>Apr 02, 2019 8:03:17 PM org.openqa.selenium.remote.DesiredCapabilities chrome
INFO: Using `new ChromeOptions()` is preferred to `DesiredCapabilities.chrome()`
Apr 02, 2019 8:03:35 PM org.openqa.selenium.remote.ProtocolHandshake createSession
INFO: Detected dialect: OSS
</system-err>
  </testcase>
  <testcase classname="CucumberTest" name="runScenario" time="19.589">
    <failure message="expected:&lt;En Trend [Ürünler Türkiye&apos;nin Online Alışveriş] Sitesi Trendyol&apos;da&gt; but was:&lt;En Trend [ÃœrÃ¼nler TÃ¼rkiye&apos;nin Online AlÄ±ÅŸveriÅŸ] Sitesi Trendyol&apos;da&gt;" type="org.junit.ComparisonFailure">org.junit.ComparisonFailure: expected:&lt;En Trend [Ürünler Türkiye&apos;nin Online Alışveriş] Sitesi Trendyol&apos;da&gt; but was:&lt;En Trend [ÃœrÃ¼nler TÃ¼rkiye&apos;nin Online AlÄ±ÅŸveriÅŸ] Sitesi Trendyol&apos;da&gt;
	at org.junit.Assert.assertEquals(Assert.java:117)
	at org.junit.Assert.assertEquals(Assert.java:146)
	at steps.LoginSteps.navigateToHomePage(LoginSteps.java:37)
	at ✽.Navigate to HomePage(file:src/test/java/features/Login.feature:15)
</failure>
    <system-out>&amp;#27;[31mF&amp;#27;[0m&amp;#27;[36m-&amp;#27;[0m&amp;#27;[36m-&amp;#27;[0m&amp;#27;[36m-&amp;#27;[0m&amp;#27;[36m-&amp;#27;[0m&amp;#27;[36m-&amp;#27;[0m&amp;#27;[36m-&amp;#27;[0m</system-out>
    <system-err>Apr 02, 2019 8:03:43 PM org.openqa.selenium.remote.DesiredCapabilities chrome
INFO: Using `new ChromeOptions()` is preferred to `DesiredCapabilities.chrome()`
Apr 02, 2019 8:03:56 PM org.openqa.selenium.remote.ProtocolHandshake createSession
INFO: Detected dialect: OSS
</system-err>
  </testcase>
  <testcase classname="CucumberTest" name="runScenario" time="11.623">
    <failure message="expected:&lt;En Trend [Ürünler Türkiye&apos;nin Online Alışveriş] Sitesi Trendyol&apos;da&gt; but was:&lt;En Trend [ÃœrÃ¼nler TÃ¼rkiye&apos;nin Online AlÄ±ÅŸveriÅŸ] Sitesi Trendyol&apos;da&gt;" type="org.junit.ComparisonFailure">org.junit.ComparisonFailure: expected:&lt;En Trend [Ürünler Türkiye&apos;nin Online Alışveriş] Sitesi Trendyol&apos;da&gt; but was:&lt;En Trend [ÃœrÃ¼nler TÃ¼rkiye&apos;nin Online AlÄ±ÅŸveriÅŸ] Sitesi Trendyol&apos;da&gt;
	at org.junit.Assert.assertEquals(Assert.java:117)
	at org.junit.Assert.assertEquals(Assert.java:146)
	at steps.LoginSteps.navigateToHomePage(LoginSteps.java:37)
	at ✽.Navigate to HomePage(file:src/test/java/features/Login.feature:15)
</failure>
    <system-out>&amp;#27;[31mF&amp;#27;[0m&amp;#27;[36m-&amp;#27;[0m&amp;#27;[36m-&amp;#27;[0m&amp;#27;[36m-&amp;#27;[0m&amp;#27;[36m-&amp;#27;[0m&amp;#27;[36m-&amp;#27;[0m&amp;#27;[36m-&amp;#27;[0m</system-out>
    <system-err>Apr 02, 2019 8:04:03 PM org.openqa.selenium.remote.DesiredCapabilities chrome
INFO: Using `new ChromeOptions()` is preferred to `DesiredCapabilities.chrome()`
Apr 02, 2019 8:04:08 PM org.openqa.selenium.remote.ProtocolHandshake createSession
INFO: Detected dialect: OSS
</system-err>
  </testcase>
  <testcase classname="FirstTest" name="myTest" time="13.661"/>
  <testcase classname="SecondTest" name="myTest" time="10.515"/>
  <testcase classname="ThirdTest" name="myTest" time="5.748"/>
</testsuite>